*** Using Compiler 'V5.06 update 5 (build 528)', folder: 'C:\Keil_v5\ARM\ARMCC\Bin'
Build target 'Lower_computer'
assembling startup_stm32h743xx.s...
compiling stm32h7xx_it.c...
compiling stm32h7xx_hal_msp.c...
compiling usart.c...
compiling stm32h7xx_hal_timebase_tim.c...
compiling rtc.c...
compiling gpio.c...
compiling freertos.c...
compiling eth.c...
compiling stm32h7xx_hal_tim_ex.c...
compiling main.c...
compiling stm32h7xx_hal_tim.c...
compiling stm32h7xx_hal_gpio.c...
compiling stm32h7xx_hal_mdma.c...
compiling stm32h7xx_hal_hsem.c...
compiling stm32h7xx_ll_usb.c...
compiling stm32h7xx_hal_flash_ex.c...
compiling stm32h7xx_hal_hcd.c...
compiling stm32h7xx_hal_flash.c...
compiling stm32h7xx_hal_dma_ex.c...
compiling stm32h7xx_hal_rcc.c...
compiling stm32h7xx_hal_rcc_ex.c...
compiling stm32h7xx_hal_dma.c...
compiling stm32h7xx_hal_i2c_ex.c...
compiling stm32h7xx_hal_exti.c...
compiling stm32h7xx_hal_eth_ex.c...
compiling stm32h7xx_hal_pwr.c...
compiling stm32h7xx_hal.c...
compiling stm32h7xx_hal_rtc.c...
compiling stm32h7xx_hal_eth.c...
compiling stm32h7xx_hal_cortex.c...
compiling stm32h7xx_hal_rtc_ex.c...
compiling stm32h7xx_hal_i2c.c...
compiling stm32h7xx_hal_pwr_ex.c...
compiling system_stm32h7xx.c...
compiling DWT_Delay.c...
..\BSP\DWT_Delay\DWT_Delay.c(18): warning:  #1-D: last line of file ends without a newline
  }
..\BSP\DWT_Delay\DWT_Delay.c: 1 warning, 0 errors
compiling OLED.c...
compiling SOFT_IIC.c...
..\BSP\SOFT_IIC\SOFT_IIC.c(146): warning:  #1-D: last line of file ends without a newline
  }
..\BSP\SOFT_IIC\SOFT_IIC.c: 1 warning, 0 errors
compiling stm32h7xx_hal_uart_ex.c...
compiling OLED_SHOW.c...
..\APP\OLED_SHOW\OLED_SHOW.c(76): warning:  #1-D: last line of file ends without a newline
  }
..\APP\OLED_SHOW\OLED_SHOW.c: 1 warning, 0 errors
compiling BEEP.c...
..\BSP\BEEP\BEEP.c(29): warning:  #188-D: enumerated type mixed with another type
  } beep_ctrl = {0};
..\BSP\BEEP\BEEP.c(195): warning:  #1-D: last line of file ends without a newline
  }
..\BSP\BEEP\BEEP.c: 2 warnings, 0 errors
compiling DEBUG.c...
..\APP\DEBUG\DEBUG.c(23): warning:  #223-D: function "osDelay" declared implicitly
          osDelay(pdMS_TO_TICKS(200)); 
..\APP\DEBUG\DEBUG.c(41): warning:  #1-D: last line of file ends without a newline
  }
..\APP\DEBUG\DEBUG.c: 2 warnings, 0 errors
compiling USB.c...
..\APP\USB\USB.c(110): warning:  #1-D: last line of file ends without a newline
  }
..\APP\USB\USB.c: 1 warning, 0 errors
compiling stm32h7xx_hal_uart.c...
compiling cmsis_os2.c...
compiling usbh_platform.c...
compiling user_cmd.c...
..\APP\Letter_shell\user\user_cmd.c(17): warning:  #1-D: last line of file ends without a newline
  nowtime, nowtimeCmd, test command);
..\APP\Letter_shell\user\user_cmd.c: 1 warning, 0 errors
compiling diskio.c...
compiling syscall.c...
../Middlewares/Third_Party/FatFs/src/option/syscall.c(162): warning:  #223-D: function "pvPortMalloc" declared implicitly
  	return 
f_malloc(msize);	/* Allocate a new memory block with POSIX API */
../Middlewares/Third_Party/FatFs/src/option/syscall.c(162): warning:  #120-D: return value type does not match the function type
  	return 
f_malloc(msize);	/* Allocate a new memory block with POSIX API */
../Middlewares/Third_Party/FatFs/src/option/syscall.c(174): warning:  #223-D: function "vPortFree" declared implicitly
  	
f_free(mblock);	/* Discard the memory block with POSIX API */
../Middlewares/Third_Party/FatFs/src/option/syscall.c: 3 warnings, 0 errors
compiling usbh_diskio.c...
compiling ff_gen_drv.c...
compiling usb_host.c...
compiling usbh_conf.c...
compiling fatfs.c...
compiling shell_port.c...
compiling ff.c...
compiling usbh_core.c...
compiling usbh_ioreq.c...
compiling usbh_ctlreq.c...
compiling usbh_msc.c...
compiling usbh_msc_bot.c...
compiling usbh_pipes.c...
compiling usbh_msc_scsi.c...
compiling cc936.c...
linking...
Program Size: Code=61988 RO-data=180104 RW-data=316 ZI-data=40708  
FromELF: creating hex file...
"Lower_computer\Lower_computer.axf" - 0 Error(s), 12 Warning(s).
Build Time Elapsed:  00:02:00
